<?xml version='1.0' encoding='UTF-8'?>
<!DOCTYPE coverage SYSTEM 'http://cobertura.sourceforge.net/xml/coverage-04.dtd'>
<coverage line-rate="0.95097037793667" branch-rate="0.4533669427439683" lines-covered="931" lines-valid="979" branches-covered="2518" branches-valid="5554" complexity="0.0" timestamp="1647629177" version="gcovr 5.0"><sources><source>/vagrant</source></sources><packages><package name="" line-rate="0.950920245398773" branch-rate="0.453350144092219" complexity="0.0"><classes><class name="environment_cpp" filename="environment.cpp" line-rate="1.0" branch-rate="0.0" complexity="0.0"><methods/><lines><line number="8" hits="1343" branch="false"/><line number="10" hits="1343" branch="false"/></lines></class><class name="environment_hpp" filename="environment.hpp" line-rate="0.5" branch-rate="0.0" complexity="0.0"><methods/><lines><line number="10" hits="106" branch="false"/><line number="18" hits="0" branch="false"/></lines></class><class name="expression_cpp" filename="expression.cpp" line-rate="0.9577464788732394" branch-rate="0.7222222222222222" complexity="0.0"><methods/><lines><line number="16" hits="653" branch="false"/><line number="18" hits="653" branch="false"/><line number="19" hits="653" branch="false"/><line number="20" hits="653" branch="true" condition-coverage="83% (5/6)"><conditions><condition number="0" type="jump" coverage="83%"/></conditions></line><line number="27" hits="498" branch="false"/><line number="31" hits="498" branch="false"/><line number="32" hits="496" branch="true" condition-coverage="100% (2/2)"><conditions><condition number="0" type="jump" coverage="100%"/></conditions></line><line number="33" hits="482" branch="true" condition-coverage="100% (2/2)"><conditions><condition number="0" type="jump" coverage="100%"/></conditions></line><line number="34" hits="973" branch="true" condition-coverage="100% (4/4)"><conditions><condition number="0" type="jump" coverage="100%"/></conditions></line><line number="37" hits="28" branch="false"/><line number="39" hits="28" branch="false"/><line number="40" hits="28" branch="false"/><line number="41" hits="28" branch="false"/><line number="43" hits="26" branch="false"/><line number="45" hits="26" branch="false"/><line number="46" hits="26" branch="false"/><line number="47" hits="26" branch="false"/><line number="49" hits="43" branch="false"/><line number="50" hits="43" branch="false"/><line number="51" hits="43" branch="true" condition-coverage="50% (1/2)"><conditions><condition number="0" type="jump" coverage="50%"/></conditions></line><line number="52" hits="43" branch="false"/><line number="54" hits="59" branch="false"/><line number="57" hits="59" branch="true" condition-coverage="50% (1/2)"><conditions><condition number="0" type="jump" coverage="50%"/></conditions></line><line number="59" hits="59" branch="true" condition-coverage="100% (2/2)"><conditions><condition number="0" type="jump" coverage="100%"/></conditions></line><line number="60" hits="30" branch="false"/><line number="63" hits="29" branch="true" condition-coverage="100% (2/2)"><conditions><condition number="0" type="jump" coverage="100%"/></conditions></line><line number="64" hits="28" branch="false"/><line number="67" hits="1" branch="true" condition-coverage="50% (1/2)"><conditions><condition number="0" type="jump" coverage="50%"/></conditions></line><line number="68" hits="0" branch="false"/><line number="72" hits="1" branch="false"/><line number="79" hits="0" branch="false"/><line number="82" hits="118" branch="false"/><line number="84" hits="118" branch="false"/><line number="87" hits="690" branch="false"/><line number="95" hits="690" branch="true" condition-coverage="100% (6/6)"><conditions><condition number="0" type="jump" coverage="100%"/></conditions></line><line number="96" hits="37" branch="false"/><line number="97" hits="37" branch="true" condition-coverage="100% (2/2)"><conditions><condition number="0" type="jump" coverage="100%"/></conditions></line><line number="98" hits="22" branch="false"/><line number="101" hits="15" branch="false"/><line number="107" hits="653" branch="true" condition-coverage="100% (2/2)"><conditions><condition number="0" type="jump" coverage="100%"/></conditions></line><line number="109" hits="150" branch="false"/><line number="110" hits="150" branch="false"/><line number="114" hits="503" branch="true" condition-coverage="100% (2/2)"><conditions><condition number="0" type="jump" coverage="100%"/></conditions></line><line number="115" hits="5" branch="false"/><line number="116" hits="5" branch="false"/><line number="121" hits="498" branch="true" condition-coverage="75% (3/4)"><conditions><condition number="0" type="jump" coverage="75%"/></conditions></line><line number="122" hits="453" branch="false"/><line number="123" hits="453" branch="false"/><line number="127" hits="45" branch="false"/><line number="131" hits="645" branch="false"/><line number="134" hits="4" branch="false"/><line number="135" hits="4" branch="false"/><line number="136" hits="4" branch="true" condition-coverage="100% (2/2)"><conditions><condition number="0" type="jump" coverage="100%"/></conditions></line><line number="137" hits="2" branch="true" condition-coverage="50% (1/2)"><conditions><condition number="0" type="jump" coverage="50%"/></conditions></line><line number="138" hits="1" branch="false"/><line number="139" hits="1" branch="false"/><line number="141" hits="15" branch="true" condition-coverage="75% (3/4)"><conditions><condition number="0" type="jump" coverage="75%"/></conditions></line><line number="142" hits="7" branch="true" condition-coverage="70% (7/10)"><conditions><condition number="0" type="jump" coverage="70%"/></conditions></line><line number="143" hits="1" branch="false"/><line number="149" hits="1" branch="true" condition-coverage="50% (3/6)"><conditions><condition number="0" type="jump" coverage="50%"/></conditions></line><line number="153" hits="3" branch="true" condition-coverage="100% (2/2)"><conditions><condition number="0" type="jump" coverage="100%"/></conditions></line><line number="154" hits="1" branch="true" condition-coverage="50% (2/4)"><conditions><condition number="0" type="jump" coverage="50%"/></conditions></line><line number="156" hits="2" branch="true" condition-coverage="100% (2/2)"><conditions><condition number="0" type="jump" coverage="100%"/></conditions></line><line number="157" hits="1" branch="false"/><line number="158" hits="1" branch="true" condition-coverage="50% (1/2)"><conditions><condition number="0" type="jump" coverage="50%"/></conditions></line><line number="159" hits="1" branch="true" condition-coverage="50% (1/2)"><conditions><condition number="0" type="jump" coverage="50%"/></conditions></line><line number="162" hits="0" branch="true" condition-coverage="0% (0/2)"><conditions><condition number="0" type="jump" coverage="0%"/></conditions></line><line number="168" hits="1" branch="true" condition-coverage="50% (2/4)"><conditions><condition number="0" type="jump" coverage="50%"/></conditions></line><line number="169" hits="1" branch="true" condition-coverage="50% (2/4)"><conditions><condition number="0" type="jump" coverage="50%"/></conditions></line><line number="172" hits="3" branch="false"/><line number="174" hits="3" branch="true" condition-coverage="50% (2/4)"><conditions><condition number="0" type="jump" coverage="50%"/></conditions></line></lines></class><class name="expression_hpp" filename="expression.hpp" line-rate="1.0" branch-rate="0.25" complexity="0.0"><methods/><lines><line number="23" hits="16637" branch="false"/><line number="30" hits="16637" branch="false"/><line number="38" hits="13656" branch="true" condition-coverage="25% (1/4)"><conditions><condition number="0" type="jump" coverage="25%"/></conditions></line><line number="42" hits="1524" branch="false"/><line number="43" hits="1524" branch="false"/><line number="44" hits="1524" branch="false"/><line number="46" hits="1005" branch="false"/></lines></class><class name="interpreter_cpp" filename="interpreter.cpp" line-rate="0.9266304347826086" branch-rate="0.6601796407185628" complexity="0.0"><methods/><lines><line number="19" hits="3" branch="false"/><line number="26" hits="864" branch="false"/><line number="27" hits="864" branch="true" condition-coverage="100% (6/6)"><conditions><condition number="0" type="jump" coverage="100%"/></conditions></line><line number="33" hits="513" branch="false"/><line number="34" hits="1014" branch="true" condition-coverage="100% (4/4)"><conditions><condition number="0" type="jump" coverage="100%"/></conditions></line><line number="35" hits="438" branch="true" condition-coverage="100% (8/8)"><conditions><condition number="0" type="jump" coverage="100%"/></conditions></line><line number="36" hits="357" branch="true" condition-coverage="100% (6/6)"><conditions><condition number="0" type="jump" coverage="100%"/></conditions></line><line number="37" hits="741" branch="true" condition-coverage="100% (10/10)"><conditions><condition number="0" type="jump" coverage="100%"/></conditions></line><line number="45" hits="387" branch="false"/><line number="46" hits="744" branch="true" condition-coverage="100% (6/6)"><conditions><condition number="0" type="jump" coverage="100%"/></conditions></line><line number="47" hits="297" branch="true" condition-coverage="100% (4/4)"><conditions><condition number="0" type="jump" coverage="100%"/></conditions></line><line number="48" hits="654" branch="true" condition-coverage="100% (6/6)"><conditions><condition number="0" type="jump" coverage="100%"/></conditions></line><line number="57" hits="213" branch="false"/><line number="58" hits="213" branch="false"/><line number="59" hits="207" branch="true" condition-coverage="100% (2/2)"><conditions><condition number="0" type="jump" coverage="100%"/></conditions></line><line number="60" hits="417" branch="true" condition-coverage="100% (4/4)"><conditions><condition number="0" type="jump" coverage="100%"/></conditions></line><line number="66" hits="114" branch="false"/><line number="67" hits="114" branch="true" condition-coverage="100% (8/8)"><conditions><condition number="0" type="jump" coverage="100%"/></conditions></line><line number="74" hits="330" branch="false"/><line number="77" hits="330" branch="false"/><line number="79" hits="330" branch="true" condition-coverage="50% (1/2)"><conditions><condition number="0" type="jump" coverage="50%"/></conditions></line><line number="80" hits="660" branch="false"/><line number="81" hits="1062" branch="true" condition-coverage="83% (5/6)"><conditions><condition number="0" type="jump" coverage="83%"/></conditions></line><line number="82" hits="732" branch="true" condition-coverage="50% (1/2)"><conditions><condition number="0" type="jump" coverage="50%"/></conditions></line><line number="83" hits="732" branch="false"/><line number="85" hits="330" branch="true" condition-coverage="50% (1/2)"><conditions><condition number="0" type="jump" coverage="50%"/></conditions></line><line number="86" hits="330" branch="false"/><line number="90" hits="0" branch="false"/><line number="91" hits="0" branch="false"/><line number="94" hits="330" branch="false"/><line number="97" hits="330" branch="false"/><line number="103" hits="324" branch="false"/><line number="108" hits="648" branch="false"/><line number="109" hits="324" branch="false"/><line number="111" hits="648" branch="false"/><line number="115" hits="324" branch="true" condition-coverage="100% (2/2)"><conditions><condition number="0" type="jump" coverage="100%"/></conditions></line><line number="116" hits="3" branch="false"/><line number="117" hits="3" branch="false"/><line number="118" hits="6" branch="true" condition-coverage="50% (2/4)"><conditions><condition number="0" type="jump" coverage="50%"/></conditions></line><line number="119" hits="3" branch="true" condition-coverage="0% (0/2)"><conditions><condition number="0" type="jump" coverage="0%"/></conditions></line><line number="120" hits="3" branch="true" condition-coverage="50% (1/2)"><conditions><condition number="0" type="jump" coverage="50%"/></conditions></line><line number="124" hits="321" branch="true" condition-coverage="100% (2/2)"><conditions><condition number="0" type="jump" coverage="100%"/></conditions></line><line number="125" hits="9" branch="false"/><line number="127" hits="624" branch="false"/><line number="128" hits="312" branch="false"/><line number="129" hits="312" branch="false"/><line number="130" hits="312" branch="false"/><line number="133" hits="2307" branch="true" condition-coverage="100% (2/2)"><conditions><condition number="0" type="jump" coverage="100%"/></conditions></line><line number="135" hits="4041" branch="false"/><line number="137" hits="2046" branch="false"/><line number="146" hits="2046" branch="true" condition-coverage="75% (6/8)"><conditions><condition number="0" type="jump" coverage="75%"/></conditions></line><line number="149" hits="1914" branch="true" condition-coverage="100% (2/2)"><conditions><condition number="0" type="jump" coverage="100%"/></conditions></line><line number="150" hits="459" branch="false"/><line number="151" hits="459" branch="false"/><line number="154" hits="1455" branch="true" condition-coverage="100% (2/2)"><conditions><condition number="0" type="jump" coverage="100%"/></conditions></line><line number="156" hits="450" branch="true" condition-coverage="100% (6/6)"><conditions><condition number="0" type="jump" coverage="100%"/></conditions></line><line number="157" hits="57" branch="false"/><line number="160" hits="843" branch="false"/><line number="162" hits="441" branch="true" condition-coverage="50% (1/2)"><conditions><condition number="0" type="jump" coverage="50%"/></conditions></line><line number="163" hits="441" branch="false"/><line number="167" hits="882" branch="true" condition-coverage="100% (2/2)"><conditions><condition number="0" type="jump" coverage="100%"/></conditions></line><line number="168" hits="882" branch="true" condition-coverage="100% (6/6)"><conditions><condition number="0" type="jump" coverage="100%"/></conditions></line><line number="170" hits="243" branch="true" condition-coverage="100% (2/2)"><conditions><condition number="0" type="jump" coverage="100%"/></conditions></line><line number="171" hits="3" branch="false"/><line number="175" hits="240" branch="true" condition-coverage="100% (6/6)"><conditions><condition number="0" type="jump" coverage="100%"/></conditions></line><line number="177" hits="27" branch="false"/><line number="181" hits="213" branch="true" condition-coverage="87% (7/8)"><conditions><condition number="0" type="jump" coverage="87%"/></conditions></line><line number="182" hits="18" branch="false"/><line number="185" hits="195" branch="true" condition-coverage="87% (7/8)"><conditions><condition number="0" type="jump" coverage="87%"/></conditions></line><line number="186" hits="81" branch="false"/><line number="189" hits="114" branch="true" condition-coverage="75% (6/8)"><conditions><condition number="0" type="jump" coverage="75%"/></conditions></line><line number="190" hits="102" branch="false"/><line number="193" hits="12" branch="false"/><line number="200" hits="396" branch="true" condition-coverage="100% (2/2)"><conditions><condition number="0" type="jump" coverage="100%"/></conditions></line><line number="201" hits="78" branch="true" condition-coverage="100% (2/2)"><conditions><condition number="0" type="jump" coverage="100%"/></conditions></line><line number="202" hits="267" branch="true" condition-coverage="100% (4/4)"><conditions><condition number="0" type="jump" coverage="100%"/></conditions></line><line number="204" hits="264" branch="true" condition-coverage="100% (2/2)"><conditions><condition number="0" type="jump" coverage="100%"/></conditions></line><line number="205" hits="132" branch="true" condition-coverage="87% (7/8)"><conditions><condition number="0" type="jump" coverage="87%"/></conditions></line><line number="209" hits="126" branch="true" condition-coverage="100% (2/2)"><conditions><condition number="0" type="jump" coverage="100%"/></conditions></line><line number="210" hits="120" branch="false"/><line number="211" hits="120" branch="true" condition-coverage="100% (2/2)"><conditions><condition number="0" type="jump" coverage="100%"/></conditions></line><line number="212" hits="63" branch="true" condition-coverage="100% (2/2)"><conditions><condition number="0" type="jump" coverage="100%"/></conditions></line><line number="213" hits="3" branch="false"/><line number="215" hits="120" branch="true" condition-coverage="100% (2/2)"><conditions><condition number="0" type="jump" coverage="100%"/></conditions></line><line number="216" hits="60" branch="true" condition-coverage="100% (4/4)"><conditions><condition number="0" type="jump" coverage="100%"/></conditions></line><line number="217" hits="9" branch="false"/><line number="219" hits="51" branch="false"/><line number="221" hits="108" branch="true" condition-coverage="100% (6/6)"><conditions><condition number="0" type="jump" coverage="100%"/></conditions></line><line number="222" hits="6" branch="false"/><line number="224" hits="102" branch="false"/><line number="227" hits="6" branch="false"/><line number="232" hits="402" branch="false"/><line number="233" hits="402" branch="false"/><line number="234" hits="402" branch="true" condition-coverage="100% (2/2)"><conditions><condition number="0" type="jump" coverage="100%"/></conditions></line><line number="235" hits="156" branch="true" condition-coverage="100% (2/2)"><conditions><condition number="0" type="jump" coverage="100%"/></conditions></line><line number="250" hits="1005" branch="false"/><line number="251" hits="1005" branch="false"/><line number="258" hits="132" branch="true" condition-coverage="100% (2/2)"><conditions><condition number="0" type="jump" coverage="100%"/></conditions></line><line number="259" hits="129" branch="false"/><line number="260" hits="129" branch="false"/><line number="261" hits="129" branch="false"/><line number="265" hits="3" branch="false"/><line number="269" hits="1995" branch="false"/><line number="270" hits="1995" branch="true" condition-coverage="100% (2/2)"><conditions><condition number="0" type="jump" coverage="100%"/></conditions></line><line number="271" hits="1734" branch="true" condition-coverage="100% (2/2)"><conditions><condition number="0" type="jump" coverage="100%"/></conditions></line><line number="276" hits="261" branch="true" condition-coverage="100% (2/2)"><conditions><condition number="0" type="jump" coverage="100%"/></conditions></line><line number="277" hits="519" branch="true" condition-coverage="100% (4/4)"><conditions><condition number="0" type="jump" coverage="100%"/></conditions></line><line number="278" hits="348" branch="true" condition-coverage="83% (5/6)"><conditions><condition number="0" type="jump" coverage="83%"/></conditions></line><line number="279" hits="519" branch="true" condition-coverage="100% (4/4)"><conditions><condition number="0" type="jump" coverage="100%"/></conditions></line><line number="280" hits="21" branch="false"/><line number="295" hits="240" branch="false"/><line number="298" hits="240" branch="false"/><line number="305" hits="15" branch="false"/><line number="307" hits="30" branch="true" condition-coverage="50% (1/2)"><conditions><condition number="0" type="jump" coverage="50%"/></conditions></line><line number="309" hits="15" branch="true" condition-coverage="50% (2/4)"><conditions><condition number="0" type="jump" coverage="50%"/></conditions></line><line number="310" hits="0" branch="true" condition-coverage="0% (0/4)"><conditions><condition number="0" type="jump" coverage="0%"/></conditions></line><line number="311" hits="0" branch="true" condition-coverage="0% (0/4)"><conditions><condition number="0" type="jump" coverage="0%"/></conditions></line><line number="313" hits="30" branch="true" condition-coverage="50% (2/4)"><conditions><condition number="0" type="jump" coverage="50%"/></conditions></line><line number="320" hits="30" branch="false"/><line number="322" hits="60" branch="true" condition-coverage="50% (1/2)"><conditions><condition number="0" type="jump" coverage="50%"/></conditions></line><line number="324" hits="30" branch="true" condition-coverage="75% (3/4)"><conditions><condition number="0" type="jump" coverage="75%"/></conditions></line><line number="325" hits="12" branch="true" condition-coverage="50% (2/4)"><conditions><condition number="0" type="jump" coverage="50%"/></conditions></line><line number="326" hits="12" branch="true" condition-coverage="50% (2/4)"><conditions><condition number="0" type="jump" coverage="50%"/></conditions></line><line number="328" hits="18" branch="true" condition-coverage="50% (1/2)"><conditions><condition number="0" type="jump" coverage="50%"/></conditions></line><line number="329" hits="18" branch="false"/><line number="331" hits="36" branch="false"/><line number="339" hits="6" branch="false"/><line number="340" hits="12" branch="true" condition-coverage="50% (1/2)"><conditions><condition number="0" type="jump" coverage="50%"/></conditions></line><line number="341" hits="6" branch="true" condition-coverage="50% (2/4)"><conditions><condition number="0" type="jump" coverage="50%"/></conditions></line><line number="342" hits="0" branch="true" condition-coverage="0% (0/4)"><conditions><condition number="0" type="jump" coverage="0%"/></conditions></line><line number="343" hits="0" branch="true" condition-coverage="0% (0/4)"><conditions><condition number="0" type="jump" coverage="0%"/></conditions></line><line number="345" hits="6" branch="true" condition-coverage="50% (2/4)"><conditions><condition number="0" type="jump" coverage="50%"/></conditions></line><line number="346" hits="0" branch="true" condition-coverage="0% (0/4)"><conditions><condition number="0" type="jump" coverage="0%"/></conditions></line><line number="347" hits="0" branch="true" condition-coverage="0% (0/4)"><conditions><condition number="0" type="jump" coverage="0%"/></conditions></line><line number="351" hits="12" branch="true" condition-coverage="50% (1/2)"><conditions><condition number="0" type="jump" coverage="50%"/></conditions></line><line number="359" hits="78" branch="false"/><line number="360" hits="78" branch="false"/><line number="362" hits="78" branch="true" condition-coverage="100% (2/2)"><conditions><condition number="0" type="jump" coverage="100%"/></conditions></line><line number="364" hits="108" branch="true" condition-coverage="100% (2/2)"><conditions><condition number="0" type="jump" coverage="100%"/></conditions></line><line number="365" hits="87" branch="true" condition-coverage="50% (3/6)"><conditions><condition number="0" type="jump" coverage="50%"/></conditions></line><line number="368" hits="21" branch="true" condition-coverage="50% (2/4)"><conditions><condition number="0" type="jump" coverage="50%"/></conditions></line><line number="372" hits="57" branch="true" condition-coverage="100% (2/2)"><conditions><condition number="0" type="jump" coverage="100%"/></conditions></line><line number="374" hits="36" branch="true" condition-coverage="50% (2/4)"><conditions><condition number="0" type="jump" coverage="50%"/></conditions></line><line number="375" hits="18" branch="true" condition-coverage="100% (2/2)"><conditions><condition number="0" type="jump" coverage="100%"/></conditions></line><line number="377" hits="3" branch="true" condition-coverage="50% (1/2)"><conditions><condition number="0" type="jump" coverage="50%"/></conditions></line><line number="378" hits="3" branch="true" condition-coverage="50% (2/4)"><conditions><condition number="0" type="jump" coverage="50%"/></conditions></line><line number="382" hits="15" branch="true" condition-coverage="100% (2/2)"><conditions><condition number="0" type="jump" coverage="100%"/></conditions></line><line number="383" hits="12" branch="true" condition-coverage="50% (2/4)"><conditions><condition number="0" type="jump" coverage="50%"/></conditions></line><line number="385" hits="12" branch="false"/><line number="389" hits="3" branch="true" condition-coverage="50% (2/4)"><conditions><condition number="0" type="jump" coverage="50%"/></conditions></line><line number="390" hits="3" branch="false"/><line number="394" hits="39" branch="true" condition-coverage="50% (1/2)"><conditions><condition number="0" type="jump" coverage="50%"/></conditions></line><line number="399" hits="78" branch="true" condition-coverage="50% (1/2)"><conditions><condition number="0" type="jump" coverage="50%"/></conditions></line><line number="400" hits="78" branch="true" condition-coverage="50% (1/2)"><conditions><condition number="0" type="jump" coverage="50%"/></conditions></line><line number="403" hits="39" branch="true" condition-coverage="25% (2/8)"><conditions><condition number="0" type="jump" coverage="25%"/></conditions></line><line number="404" hits="0" branch="true" condition-coverage="0% (0/4)"><conditions><condition number="0" type="jump" coverage="0%"/></conditions></line><line number="406" hits="39" branch="true" condition-coverage="50% (1/2)"><conditions><condition number="0" type="jump" coverage="50%"/></conditions></line><line number="407" hits="39" branch="true" condition-coverage="50% (2/4)"><conditions><condition number="0" type="jump" coverage="50%"/></conditions></line><line number="408" hits="39" branch="true" condition-coverage="50% (1/2)"><conditions><condition number="0" type="jump" coverage="50%"/></conditions></line><line number="410" hits="75" branch="false"/><line number="413" hits="96" branch="false"/><line number="414" hits="96" branch="false"/><line number="416" hits="96" branch="true" condition-coverage="100% (2/2)"><conditions><condition number="0" type="jump" coverage="100%"/></conditions></line><line number="417" hits="30" branch="true" condition-coverage="50% (2/4)"><conditions><condition number="0" type="jump" coverage="50%"/></conditions></line><line number="418" hits="30" branch="true" condition-coverage="50% (2/4)"><conditions><condition number="0" type="jump" coverage="50%"/></conditions></line><line number="420" hits="15" branch="true" condition-coverage="100% (2/2)"><conditions><condition number="0" type="jump" coverage="100%"/></conditions></line><line number="421" hits="6" branch="true" condition-coverage="50% (1/2)"><conditions><condition number="0" type="jump" coverage="50%"/></conditions></line><line number="423" hits="15" branch="true" condition-coverage="100% (2/2)"><conditions><condition number="0" type="jump" coverage="100%"/></conditions></line><line number="424" hits="6" branch="true" condition-coverage="50% (1/2)"><conditions><condition number="0" type="jump" coverage="50%"/></conditions></line><line number="427" hits="15" branch="false"/><line number="428" hits="30" branch="false"/><line number="429" hits="15" branch="false"/><line number="432" hits="81" branch="true" condition-coverage="100% (2/2)"><conditions><condition number="0" type="jump" coverage="100%"/></conditions></line><line number="433" hits="24" branch="true" condition-coverage="50% (2/4)"><conditions><condition number="0" type="jump" coverage="50%"/></conditions></line><line number="434" hits="24" branch="true" condition-coverage="50% (2/4)"><conditions><condition number="0" type="jump" coverage="50%"/></conditions></line><line number="436" hits="12" branch="true" condition-coverage="50% (1/2)"><conditions><condition number="0" type="jump" coverage="50%"/></conditions></line><line number="437" hits="0" branch="true" condition-coverage="0% (0/2)"><conditions><condition number="0" type="jump" coverage="0%"/></conditions></line><line number="439" hits="12" branch="true" condition-coverage="50% (1/2)"><conditions><condition number="0" type="jump" coverage="50%"/></conditions></line><line number="440" hits="0" branch="true" condition-coverage="0% (0/2)"><conditions><condition number="0" type="jump" coverage="0%"/></conditions></line><line number="444" hits="12" branch="false"/><line number="445" hits="24" branch="false"/><line number="446" hits="12" branch="false"/><line number="449" hits="69" branch="true" condition-coverage="100% (2/2)"><conditions><condition number="0" type="jump" coverage="100%"/></conditions></line><line number="450" hits="12" branch="true" condition-coverage="50% (2/4)"><conditions><condition number="0" type="jump" coverage="50%"/></conditions></line><line number="451" hits="12" branch="true" condition-coverage="50% (2/4)"><conditions><condition number="0" type="jump" coverage="50%"/></conditions></line><line number="453" hits="6" branch="true" condition-coverage="50% (1/2)"><conditions><condition number="0" type="jump" coverage="50%"/></conditions></line><line number="454" hits="0" branch="true" condition-coverage="0% (0/2)"><conditions><condition number="0" type="jump" coverage="0%"/></conditions></line><line number="456" hits="6" branch="true" condition-coverage="50% (1/2)"><conditions><condition number="0" type="jump" coverage="50%"/></conditions></line><line number="457" hits="0" branch="true" condition-coverage="0% (0/2)"><conditions><condition number="0" type="jump" coverage="0%"/></conditions></line><line number="460" hits="6" branch="false"/><line number="461" hits="12" branch="false"/><line number="462" hits="6" branch="false"/><line number="465" hits="63" branch="true" condition-coverage="100% (2/2)"><conditions><condition number="0" type="jump" coverage="100%"/></conditions></line><line number="466" hits="24" branch="true" condition-coverage="50% (2/4)"><conditions><condition number="0" type="jump" coverage="50%"/></conditions></line><line number="467" hits="24" branch="true" condition-coverage="50% (2/4)"><conditions><condition number="0" type="jump" coverage="50%"/></conditions></line><line number="469" hits="12" branch="true" condition-coverage="50% (1/2)"><conditions><condition number="0" type="jump" coverage="50%"/></conditions></line><line number="470" hits="0" branch="true" condition-coverage="0% (0/2)"><conditions><condition number="0" type="jump" coverage="0%"/></conditions></line><line number="472" hits="12" branch="true" condition-coverage="50% (1/2)"><conditions><condition number="0" type="jump" coverage="50%"/></conditions></line><line number="473" hits="0" branch="true" condition-coverage="0% (0/2)"><conditions><condition number="0" type="jump" coverage="0%"/></conditions></line><line number="476" hits="12" branch="false"/><line number="477" hits="24" branch="false"/><line number="478" hits="12" branch="false"/><line number="481" hits="51" branch="true" condition-coverage="100% (2/2)"><conditions><condition number="0" type="jump" coverage="100%"/></conditions></line><line number="482" hits="12" branch="true" condition-coverage="50% (2/4)"><conditions><condition number="0" type="jump" coverage="50%"/></conditions></line><line number="483" hits="12" branch="true" condition-coverage="50% (2/4)"><conditions><condition number="0" type="jump" coverage="50%"/></conditions></line><line number="485" hits="6" branch="true" condition-coverage="50% (1/2)"><conditions><condition number="0" type="jump" coverage="50%"/></conditions></line><line number="486" hits="0" branch="true" condition-coverage="0% (0/2)"><conditions><condition number="0" type="jump" coverage="0%"/></conditions></line><line number="488" hits="6" branch="true" condition-coverage="50% (1/2)"><conditions><condition number="0" type="jump" coverage="50%"/></conditions></line><line number="489" hits="0" branch="true" condition-coverage="0% (0/2)"><conditions><condition number="0" type="jump" coverage="0%"/></conditions></line><line number="492" hits="6" branch="false"/><line number="493" hits="12" branch="false"/><line number="494" hits="6" branch="false"/><line number="497" hits="45" branch="true" condition-coverage="100% (2/2)"><conditions><condition number="0" type="jump" coverage="100%"/></conditions></line><line number="498" hits="15" branch="true" condition-coverage="100% (2/2)"><conditions><condition number="0" type="jump" coverage="100%"/></conditions></line><line number="499" hits="12" branch="true" condition-coverage="50% (2/4)"><conditions><condition number="0" type="jump" coverage="50%"/></conditions></line><line number="500" hits="6" branch="false"/><line number="501" hits="6" branch="false"/><line number="504" hits="18" branch="true" condition-coverage="50% (2/4)"><conditions><condition number="0" type="jump" coverage="50%"/></conditions></line><line number="505" hits="18" branch="true" condition-coverage="50% (2/4)"><conditions><condition number="0" type="jump" coverage="50%"/></conditions></line><line number="507" hits="9" branch="true" condition-coverage="50% (1/2)"><conditions><condition number="0" type="jump" coverage="50%"/></conditions></line><line number="508" hits="0" branch="true" condition-coverage="0% (0/2)"><conditions><condition number="0" type="jump" coverage="0%"/></conditions></line><line number="510" hits="9" branch="true" condition-coverage="50% (1/2)"><conditions><condition number="0" type="jump" coverage="50%"/></conditions></line><line number="511" hits="0" branch="true" condition-coverage="0% (0/2)"><conditions><condition number="0" type="jump" coverage="0%"/></conditions></line><line number="514" hits="9" branch="false"/><line number="515" hits="18" branch="false"/><line number="516" hits="9" branch="false"/><line number="520" hits="30" branch="true" condition-coverage="100% (2/2)"><conditions><condition number="0" type="jump" coverage="100%"/></conditions></line><line number="521" hits="24" branch="true" condition-coverage="50% (2/4)"><conditions><condition number="0" type="jump" coverage="50%"/></conditions></line><line number="522" hits="24" branch="true" condition-coverage="50% (2/4)"><conditions><condition number="0" type="jump" coverage="50%"/></conditions></line><line number="524" hits="12" branch="true" condition-coverage="50% (1/2)"><conditions><condition number="0" type="jump" coverage="50%"/></conditions></line><line number="525" hits="0" branch="true" condition-coverage="0% (0/2)"><conditions><condition number="0" type="jump" coverage="0%"/></conditions></line><line number="527" hits="12" branch="true" condition-coverage="50% (1/2)"><conditions><condition number="0" type="jump" coverage="50%"/></conditions></line><line number="528" hits="0" branch="true" condition-coverage="0% (0/2)"><conditions><condition number="0" type="jump" coverage="0%"/></conditions></line><line number="531" hits="12" branch="false"/><line number="532" hits="24" branch="false"/><line number="533" hits="12" branch="false"/><line number="536" hits="18" branch="true" condition-coverage="50% (1/2)"><conditions><condition number="0" type="jump" coverage="50%"/></conditions></line><line number="537" hits="36" branch="true" condition-coverage="50% (2/4)"><conditions><condition number="0" type="jump" coverage="50%"/></conditions></line><line number="538" hits="36" branch="true" condition-coverage="50% (2/4)"><conditions><condition number="0" type="jump" coverage="50%"/></conditions></line><line number="540" hits="18" branch="true" condition-coverage="100% (2/2)"><conditions><condition number="0" type="jump" coverage="100%"/></conditions></line><line number="541" hits="6" branch="true" condition-coverage="50% (1/2)"><conditions><condition number="0" type="jump" coverage="50%"/></conditions></line><line number="543" hits="12" branch="true" condition-coverage="100% (2/2)"><conditions><condition number="0" type="jump" coverage="100%"/></conditions></line><line number="544" hits="3" branch="true" condition-coverage="50% (1/2)"><conditions><condition number="0" type="jump" coverage="50%"/></conditions></line><line number="547" hits="9" branch="false"/><line number="548" hits="9" branch="false"/><line number="551" hits="87" branch="false"/><line number="559" hits="192" branch="false"/><line number="560" hits="384" branch="false"/><line number="561" hits="384" branch="false"/><line number="562" hits="384" branch="true" condition-coverage="50% (1/2)"><conditions><condition number="0" type="jump" coverage="50%"/></conditions></line><line number="564" hits="192" branch="true" condition-coverage="50% (3/6)"><conditions><condition number="0" type="jump" coverage="50%"/></conditions></line><line number="565" hits="192" branch="true" condition-coverage="66% (4/6)"><conditions><condition number="0" type="jump" coverage="66%"/></conditions></line><line number="566" hits="192" branch="true" condition-coverage="66% (4/6)"><conditions><condition number="0" type="jump" coverage="66%"/></conditions></line><line number="568" hits="87" branch="false"/><line number="569" hits="87" branch="true" condition-coverage="100% (2/2)"><conditions><condition number="0" type="jump" coverage="100%"/></conditions></line><line number="570" hits="36" branch="false"/><line number="572" hits="51" branch="true" condition-coverage="50% (1/2)"><conditions><condition number="0" type="jump" coverage="50%"/></conditions></line><line number="573" hits="51" branch="false"/><line number="576" hits="0" branch="true" condition-coverage="0% (0/2)"><conditions><condition number="0" type="jump" coverage="0%"/></conditions></line><line number="581" hits="183" branch="true" condition-coverage="100% (2/2)"><conditions><condition number="0" type="jump" coverage="100%"/></conditions></line><line number="583" hits="6" branch="true" condition-coverage="50% (1/2)"><conditions><condition number="0" type="jump" coverage="50%"/></conditions></line><line number="584" hits="6" branch="false"/><line number="585" hits="6" branch="false"/><line number="588" hits="177" branch="true" condition-coverage="100% (2/2)"><conditions><condition number="0" type="jump" coverage="100%"/></conditions></line><line number="589" hits="18" branch="false"/><line number="590" hits="18" branch="false"/><line number="591" hits="39" branch="true" condition-coverage="100% (2/2)"><conditions><condition number="0" type="jump" coverage="100%"/></conditions></line><line number="592" hits="33" branch="true" condition-coverage="75% (3/4)"><conditions><condition number="0" type="jump" coverage="75%"/></conditions></line><line number="593" hits="6" branch="true" condition-coverage="50% (2/4)"><conditions><condition number="0" type="jump" coverage="50%"/></conditions></line><line number="595" hits="27" branch="true" condition-coverage="50% (2/4)"><conditions><condition number="0" type="jump" coverage="50%"/></conditions></line><line number="596" hits="27" branch="true" condition-coverage="50% (1/2)"><conditions><condition number="0" type="jump" coverage="50%"/></conditions></line><line number="600" hits="0" branch="false"/><line number="602" hits="33" branch="true" condition-coverage="100% (2/2)"><conditions><condition number="0" type="jump" coverage="100%"/></conditions></line><line number="603" hits="12" branch="false"/><line number="604" hits="12" branch="false"/><line number="607" hits="18" branch="false"/><line number="608" hits="18" branch="false"/><line number="611" hits="159" branch="true" condition-coverage="100% (2/2)"><conditions><condition number="0" type="jump" coverage="100%"/></conditions></line><line number="612" hits="15" branch="false"/><line number="613" hits="24" branch="true" condition-coverage="100% (2/2)"><conditions><condition number="0" type="jump" coverage="100%"/></conditions></line><line number="614" hits="21" branch="true" condition-coverage="75% (3/4)"><conditions><condition number="0" type="jump" coverage="75%"/></conditions></line><line number="615" hits="12" branch="false"/><line number="616" hits="12" branch="false"/><line number="619" hits="15" branch="false"/><line number="620" hits="15" branch="false"/><line number="624" hits="144" branch="true" condition-coverage="100% (2/2)"><conditions><condition number="0" type="jump" coverage="100%"/></conditions></line><line number="625" hits="39" branch="false"/><line number="626" hits="147" branch="true" condition-coverage="100% (2/2)"><conditions><condition number="0" type="jump" coverage="100%"/></conditions></line><line number="628" hits="108" branch="true" condition-coverage="50% (2/4)"><conditions><condition number="0" type="jump" coverage="50%"/></conditions></line><line number="629" hits="108" branch="true" condition-coverage="100% (2/2)"><conditions><condition number="0" type="jump" coverage="100%"/></conditions></line><line number="631" hits="6" branch="true" condition-coverage="50% (1/2)"><conditions><condition number="0" type="jump" coverage="50%"/></conditions></line><line number="633" hits="102" branch="true" condition-coverage="50% (1/2)"><conditions><condition number="0" type="jump" coverage="50%"/></conditions></line><line number="634" hits="102" branch="false"/><line number="641" hits="39" branch="false"/><line number="642" hits="39" branch="false"/><line number="645" hits="105" branch="true" condition-coverage="100% (2/2)"><conditions><condition number="0" type="jump" coverage="100%"/></conditions></line><line number="646" hits="15" branch="true" condition-coverage="100% (2/2)"><conditions><condition number="0" type="jump" coverage="100%"/></conditions></line><line number="647" hits="12" branch="true" condition-coverage="50% (2/4)"><conditions><condition number="0" type="jump" coverage="50%"/></conditions></line><line number="648" hits="6" branch="false"/><line number="649" hits="6" branch="false"/><line number="652" hits="18" branch="true" condition-coverage="50% (2/4)"><conditions><condition number="0" type="jump" coverage="50%"/></conditions></line><line number="653" hits="18" branch="true" condition-coverage="50% (2/4)"><conditions><condition number="0" type="jump" coverage="50%"/></conditions></line><line number="655" hits="9" branch="true" condition-coverage="50% (1/2)"><conditions><condition number="0" type="jump" coverage="50%"/></conditions></line><line number="656" hits="0" branch="true" condition-coverage="0% (0/2)"><conditions><condition number="0" type="jump" coverage="0%"/></conditions></line><line number="658" hits="9" branch="true" condition-coverage="50% (1/2)"><conditions><condition number="0" type="jump" coverage="50%"/></conditions></line><line number="659" hits="0" branch="true" condition-coverage="0% (0/2)"><conditions><condition number="0" type="jump" coverage="0%"/></conditions></line><line number="662" hits="9" branch="false"/><line number="663" hits="18" branch="false"/><line number="664" hits="9" branch="false"/><line number="668" hits="90" branch="true" condition-coverage="100% (2/2)"><conditions><condition number="0" type="jump" coverage="100%"/></conditions></line><line number="669" hits="6" branch="false"/><line number="670" hits="21" branch="true" condition-coverage="100% (2/2)"><conditions><condition number="0" type="jump" coverage="100%"/></conditions></line><line number="672" hits="15" branch="true" condition-coverage="50% (2/4)"><conditions><condition number="0" type="jump" coverage="50%"/></conditions></line><line number="673" hits="15" branch="true" condition-coverage="50% (1/2)"><conditions><condition number="0" type="jump" coverage="50%"/></conditions></line><line number="675" hits="0" branch="true" condition-coverage="0% (0/2)"><conditions><condition number="0" type="jump" coverage="0%"/></conditions></line><line number="677" hits="15" branch="true" condition-coverage="50% (1/2)"><conditions><condition number="0" type="jump" coverage="50%"/></conditions></line><line number="678" hits="15" branch="false"/><line number="686" hits="6" branch="false"/><line number="687" hits="6" branch="false"/><line number="691" hits="84" branch="true" condition-coverage="100% (2/2)"><conditions><condition number="0" type="jump" coverage="100%"/></conditions></line><line number="692" hits="24" branch="true" condition-coverage="50% (2/4)"><conditions><condition number="0" type="jump" coverage="50%"/></conditions></line><line number="694" hits="12" branch="true" condition-coverage="100% (2/2)"><conditions><condition number="0" type="jump" coverage="100%"/></conditions></line><line number="695" hits="3" branch="true" condition-coverage="50% (1/2)"><conditions><condition number="0" type="jump" coverage="50%"/></conditions></line><line number="698" hits="9" branch="false"/><line number="699" hits="9" branch="false"/><line number="702" hits="180" branch="false"/><line number="706" hits="0" branch="true" condition-coverage="0% (0/4)"><conditions><condition number="0" type="jump" coverage="0%"/></conditions></line><line number="715" hits="192" branch="false"/><line number="716" hits="582" branch="true" condition-coverage="100% (2/2)"><conditions><condition number="0" type="jump" coverage="100%"/></conditions></line><line number="717" hits="396" branch="true" condition-coverage="100% (2/2)"><conditions><condition number="0" type="jump" coverage="100%"/></conditions></line><line number="718" hits="6" branch="false"/><line number="721" hits="186" branch="false"/><line number="728" hits="351" branch="false"/><line number="729" hits="351" branch="true" condition-coverage="100% (2/2)"><conditions><condition number="0" type="jump" coverage="100%"/></conditions></line><line number="730" hits="81" branch="true" condition-coverage="100% (2/2)"><conditions><condition number="0" type="jump" coverage="100%"/></conditions></line><line number="735" hits="15" branch="false"/><line number="737" hits="66" branch="false"/><line number="741" hits="270" branch="true" condition-coverage="75% (3/4)"><conditions><condition number="0" type="jump" coverage="75%"/></conditions></line><line number="742" hits="81" branch="true" condition-coverage="100% (2/2)"><conditions><condition number="0" type="jump" coverage="100%"/></conditions></line><line number="745" hits="192" branch="true" condition-coverage="75% (3/4)"><conditions><condition number="0" type="jump" coverage="75%"/></conditions></line><line number="747" hits="18" branch="true" condition-coverage="100% (2/2)"><conditions><condition number="0" type="jump" coverage="100%"/></conditions></line><line number="748" hits="12" branch="true" condition-coverage="50% (1/2)"><conditions><condition number="0" type="jump" coverage="50%"/></conditions></line><line number="752" hits="192" branch="false"/><line number="759" hits="231" branch="false"/><line number="761" hits="231" branch="true" condition-coverage="71% (10/14)"><conditions><condition number="0" type="jump" coverage="71%"/></conditions></line><line number="762" hits="24" branch="false"/><line number="763" hits="24" branch="true" condition-coverage="50% (2/4)"><conditions><condition number="0" type="jump" coverage="50%"/></conditions></line><line number="767" hits="207" branch="true" condition-coverage="100% (2/2)"><conditions><condition number="0" type="jump" coverage="100%"/></conditions></line><line number="769" hits="27" branch="false"/><line number="773" hits="180" branch="false"/><line number="781" hits="57" branch="false"/><line number="782" hits="57" branch="false"/><line number="789" hits="9" branch="false"/><line number="792" hits="18" branch="true" condition-coverage="100% (2/2)"><conditions><condition number="0" type="jump" coverage="100%"/></conditions></line><line number="793" hits="6" branch="true" condition-coverage="50% (1/2)"><conditions><condition number="0" type="jump" coverage="50%"/></conditions></line><line number="794" hits="18" branch="true" condition-coverage="83% (5/6)"><conditions><condition number="0" type="jump" coverage="83%"/></conditions></line><line number="795" hits="3" branch="false"/><line number="797" hits="3" branch="false"/><line number="799" hits="9" branch="false"/><line number="806" hits="3" branch="false"/><line number="807" hits="3" branch="false"/><line number="808" hits="3" branch="false"/><line number="809" hits="3" branch="false"/><line number="814" hits="3" branch="false"/><line number="816" hits="3" branch="false"/><line number="817" hits="3" branch="false"/><line number="819" hits="3" branch="false"/><line number="820" hits="9" branch="true" condition-coverage="50% (2/4)"><conditions><condition number="0" type="jump" coverage="50%"/></conditions></line></lines></class><class name="interpreter_hpp" filename="interpreter.hpp" line-rate="1.0" branch-rate="0.0" complexity="0.0"><methods/><lines><line number="17" hits="212" branch="false"/></lines></class><class name="interpreter_semantic_error_hpp" filename="interpreter_semantic_error.hpp" line-rate="1.0" branch-rate="0.0" complexity="0.0"><methods/><lines><line number="7" hits="112" branch="false"/><line number="9" hits="40" branch="false"/></lines></class><class name="test_interpreter_cpp" filename="test_interpreter.cpp" line-rate="0.9910313901345291" branch-rate="0.43599562363238514" complexity="0.0"><methods/><lines><line number="16" hits="162" branch="false"/><line number="18" hits="324" branch="true" condition-coverage="50% (1/2)"><conditions><condition number="0" type="jump" coverage="50%"/></conditions></line><line number="20" hits="324" branch="true" condition-coverage="50% (1/2)"><conditions><condition number="0" type="jump" coverage="50%"/></conditions></line><line number="22" hits="162" branch="false"/><line number="23" hits="162" branch="true" condition-coverage="50% (1/2)"><conditions><condition number="0" type="jump" coverage="50%"/></conditions></line><line number="24" hits="0" branch="true" condition-coverage="0% (0/6)"><conditions><condition number="0" type="jump" coverage="0%"/></conditions></line><line number="26" hits="162" branch="true" condition-coverage="40% (9/22)"><conditions><condition number="0" type="jump" coverage="40%"/></conditions></line><line number="28" hits="162" branch="false"/><line number="29" hits="162" branch="true" condition-coverage="40% (8/20)"><conditions><condition number="0" type="jump" coverage="40%"/></conditions></line><line number="31" hits="324" branch="false"/><line number="34" hits="24" branch="false"/><line number="36" hits="48" branch="true" condition-coverage="50% (1/2)"><conditions><condition number="0" type="jump" coverage="50%"/></conditions></line><line number="37" hits="24" branch="true" condition-coverage="41% (10/24)"><conditions><condition number="0" type="jump" coverage="41%"/></conditions></line><line number="39" hits="48" branch="true" condition-coverage="50% (1/2)"><conditions><condition number="0" type="jump" coverage="50%"/></conditions></line><line number="41" hits="24" branch="false"/><line number="42" hits="24" branch="true" condition-coverage="50% (1/2)"><conditions><condition number="0" type="jump" coverage="50%"/></conditions></line><line number="43" hits="0" branch="true" condition-coverage="0% (0/6)"><conditions><condition number="0" type="jump" coverage="0%"/></conditions></line><line number="45" hits="24" branch="true" condition-coverage="40% (9/22)"><conditions><condition number="0" type="jump" coverage="40%"/></conditions></line><line number="47" hits="24" branch="false"/><line number="48" hits="24" branch="true" condition-coverage="40% (8/20)"><conditions><condition number="0" type="jump" coverage="40%"/></conditions></line><line number="50" hits="48" branch="false"/><line number="53" hits="6" branch="true" condition-coverage="50% (2/4)"><conditions><condition number="0" type="jump" coverage="50%"/></conditions></line><line number="55" hits="6" branch="true" condition-coverage="50% (1/2)"><conditions><condition number="0" type="jump" coverage="50%"/></conditions></line><line number="57" hits="6" branch="true" condition-coverage="50% (1/2)"><conditions><condition number="0" type="jump" coverage="50%"/></conditions></line><line number="59" hits="6" branch="true" condition-coverage="50% (1/2)"><conditions><condition number="0" type="jump" coverage="50%"/></conditions></line><line number="61" hits="3" branch="false"/><line number="63" hits="3" branch="true" condition-coverage="40% (9/22)"><conditions><condition number="0" type="jump" coverage="40%"/></conditions></line><line number="64" hits="3" branch="false"/><line number="66" hits="6" branch="true" condition-coverage="50% (2/4)"><conditions><condition number="0" type="jump" coverage="50%"/></conditions></line><line number="68" hits="6" branch="true" condition-coverage="50% (7/14)"><conditions><condition number="0" type="jump" coverage="50%"/></conditions></line><line number="70" hits="15" branch="true" condition-coverage="75% (3/4)"><conditions><condition number="0" type="jump" coverage="75%"/></conditions></line><line number="71" hits="24" branch="true" condition-coverage="50% (1/2)"><conditions><condition number="0" type="jump" coverage="50%"/></conditions></line><line number="73" hits="24" branch="true" condition-coverage="50% (1/2)"><conditions><condition number="0" type="jump" coverage="50%"/></conditions></line><line number="75" hits="12" branch="false"/><line number="77" hits="12" branch="true" condition-coverage="40% (9/22)"><conditions><condition number="0" type="jump" coverage="40%"/></conditions></line><line number="79" hits="3" branch="false"/><line number="81" hits="6" branch="true" condition-coverage="50% (2/4)"><conditions><condition number="0" type="jump" coverage="50%"/></conditions></line><line number="84" hits="6" branch="true" condition-coverage="50% (1/2)"><conditions><condition number="0" type="jump" coverage="50%"/></conditions></line><line number="85" hits="6" branch="true" condition-coverage="50% (1/2)"><conditions><condition number="0" type="jump" coverage="50%"/></conditions></line><line number="87" hits="6" branch="true" condition-coverage="50% (1/2)"><conditions><condition number="0" type="jump" coverage="50%"/></conditions></line><line number="88" hits="3" branch="false"/><line number="89" hits="3" branch="true" condition-coverage="40% (9/22)"><conditions><condition number="0" type="jump" coverage="40%"/></conditions></line><line number="93" hits="6" branch="true" condition-coverage="50% (1/2)"><conditions><condition number="0" type="jump" coverage="50%"/></conditions></line><line number="94" hits="6" branch="true" condition-coverage="50% (1/2)"><conditions><condition number="0" type="jump" coverage="50%"/></conditions></line><line number="96" hits="6" branch="true" condition-coverage="50% (1/2)"><conditions><condition number="0" type="jump" coverage="50%"/></conditions></line><line number="97" hits="3" branch="false"/><line number="98" hits="3" branch="true" condition-coverage="40% (9/22)"><conditions><condition number="0" type="jump" coverage="40%"/></conditions></line><line number="100" hits="3" branch="false"/><line number="102" hits="6" branch="true" condition-coverage="50% (2/4)"><conditions><condition number="0" type="jump" coverage="50%"/></conditions></line><line number="104" hits="6" branch="true" condition-coverage="50% (1/2)"><conditions><condition number="0" type="jump" coverage="50%"/></conditions></line><line number="105" hits="6" branch="true" condition-coverage="50% (1/2)"><conditions><condition number="0" type="jump" coverage="50%"/></conditions></line><line number="107" hits="6" branch="true" condition-coverage="50% (1/2)"><conditions><condition number="0" type="jump" coverage="50%"/></conditions></line><line number="109" hits="3" branch="false"/><line number="111" hits="3" branch="true" condition-coverage="40% (9/22)"><conditions><condition number="0" type="jump" coverage="40%"/></conditions></line><line number="112" hits="3" branch="false"/><line number="114" hits="6" branch="true" condition-coverage="50% (2/4)"><conditions><condition number="0" type="jump" coverage="50%"/></conditions></line><line number="116" hits="6" branch="true" condition-coverage="50% (1/2)"><conditions><condition number="0" type="jump" coverage="50%"/></conditions></line><line number="117" hits="6" branch="true" condition-coverage="50% (1/2)"><conditions><condition number="0" type="jump" coverage="50%"/></conditions></line><line number="119" hits="6" branch="true" condition-coverage="50% (1/2)"><conditions><condition number="0" type="jump" coverage="50%"/></conditions></line><line number="121" hits="3" branch="false"/><line number="123" hits="3" branch="true" condition-coverage="40% (9/22)"><conditions><condition number="0" type="jump" coverage="40%"/></conditions></line><line number="124" hits="3" branch="false"/><line number="126" hits="6" branch="true" condition-coverage="50% (2/4)"><conditions><condition number="0" type="jump" coverage="50%"/></conditions></line><line number="128" hits="6" branch="false"/><line number="129" hits="6" branch="true" condition-coverage="50% (1/2)"><conditions><condition number="0" type="jump" coverage="50%"/></conditions></line><line number="131" hits="6" branch="true" condition-coverage="50% (1/2)"><conditions><condition number="0" type="jump" coverage="50%"/></conditions></line><line number="133" hits="3" branch="false"/><line number="135" hits="3" branch="true" condition-coverage="40% (9/22)"><conditions><condition number="0" type="jump" coverage="40%"/></conditions></line><line number="136" hits="3" branch="false"/><line number="138" hits="6" branch="true" condition-coverage="50% (2/4)"><conditions><condition number="0" type="jump" coverage="50%"/></conditions></line><line number="140" hits="6" branch="true" condition-coverage="50% (1/2)"><conditions><condition number="0" type="jump" coverage="50%"/></conditions></line><line number="141" hits="6" branch="true" condition-coverage="50% (1/2)"><conditions><condition number="0" type="jump" coverage="50%"/></conditions></line><line number="143" hits="6" branch="true" condition-coverage="50% (1/2)"><conditions><condition number="0" type="jump" coverage="50%"/></conditions></line><line number="145" hits="3" branch="false"/><line number="147" hits="3" branch="true" condition-coverage="40% (9/22)"><conditions><condition number="0" type="jump" coverage="40%"/></conditions></line><line number="148" hits="3" branch="false"/><line number="150" hits="6" branch="true" condition-coverage="50% (2/4)"><conditions><condition number="0" type="jump" coverage="50%"/></conditions></line><line number="152" hits="6" branch="true" condition-coverage="50% (1/2)"><conditions><condition number="0" type="jump" coverage="50%"/></conditions></line><line number="153" hits="6" branch="true" condition-coverage="50% (1/2)"><conditions><condition number="0" type="jump" coverage="50%"/></conditions></line><line number="155" hits="6" branch="true" condition-coverage="50% (1/2)"><conditions><condition number="0" type="jump" coverage="50%"/></conditions></line><line number="157" hits="3" branch="false"/><line number="159" hits="3" branch="true" condition-coverage="40% (9/22)"><conditions><condition number="0" type="jump" coverage="40%"/></conditions></line><line number="160" hits="3" branch="false"/><line number="162" hits="6" branch="true" condition-coverage="50% (2/4)"><conditions><condition number="0" type="jump" coverage="50%"/></conditions></line><line number="164" hits="6" branch="true" condition-coverage="50% (1/2)"><conditions><condition number="0" type="jump" coverage="50%"/></conditions></line><line number="165" hits="6" branch="true" condition-coverage="50% (1/2)"><conditions><condition number="0" type="jump" coverage="50%"/></conditions></line><line number="167" hits="6" branch="true" condition-coverage="50% (1/2)"><conditions><condition number="0" type="jump" coverage="50%"/></conditions></line><line number="169" hits="3" branch="false"/><line number="171" hits="3" branch="true" condition-coverage="40% (9/22)"><conditions><condition number="0" type="jump" coverage="40%"/></conditions></line><line number="172" hits="3" branch="false"/><line number="174" hits="6" branch="true" condition-coverage="50% (2/4)"><conditions><condition number="0" type="jump" coverage="50%"/></conditions></line><line number="177" hits="6" branch="true" condition-coverage="50% (1/2)"><conditions><condition number="0" type="jump" coverage="50%"/></conditions></line><line number="178" hits="6" branch="true" condition-coverage="50% (1/2)"><conditions><condition number="0" type="jump" coverage="50%"/></conditions></line><line number="179" hits="3" branch="true" condition-coverage="41% (10/24)"><conditions><condition number="0" type="jump" coverage="41%"/></conditions></line><line number="183" hits="6" branch="true" condition-coverage="50% (1/2)"><conditions><condition number="0" type="jump" coverage="50%"/></conditions></line><line number="184" hits="6" branch="true" condition-coverage="50% (1/2)"><conditions><condition number="0" type="jump" coverage="50%"/></conditions></line><line number="185" hits="3" branch="true" condition-coverage="41% (10/24)"><conditions><condition number="0" type="jump" coverage="41%"/></conditions></line><line number="189" hits="6" branch="true" condition-coverage="50% (1/2)"><conditions><condition number="0" type="jump" coverage="50%"/></conditions></line><line number="190" hits="6" branch="true" condition-coverage="50% (1/2)"><conditions><condition number="0" type="jump" coverage="50%"/></conditions></line><line number="191" hits="3" branch="true" condition-coverage="41% (10/24)"><conditions><condition number="0" type="jump" coverage="41%"/></conditions></line><line number="195" hits="6" branch="true" condition-coverage="50% (1/2)"><conditions><condition number="0" type="jump" coverage="50%"/></conditions></line><line number="196" hits="6" branch="true" condition-coverage="50% (1/2)"><conditions><condition number="0" type="jump" coverage="50%"/></conditions></line><line number="197" hits="3" branch="true" condition-coverage="41% (10/24)"><conditions><condition number="0" type="jump" coverage="41%"/></conditions></line><line number="200" hits="3" branch="false"/><line number="202" hits="6" branch="true" condition-coverage="50% (2/4)"><conditions><condition number="0" type="jump" coverage="50%"/></conditions></line><line number="205" hits="6" branch="true" condition-coverage="50% (1/2)"><conditions><condition number="0" type="jump" coverage="50%"/></conditions></line><line number="206" hits="6" branch="true" condition-coverage="50% (1/2)"><conditions><condition number="0" type="jump" coverage="50%"/></conditions></line><line number="207" hits="3" branch="true" condition-coverage="41% (10/24)"><conditions><condition number="0" type="jump" coverage="41%"/></conditions></line><line number="211" hits="6" branch="true" condition-coverage="50% (1/2)"><conditions><condition number="0" type="jump" coverage="50%"/></conditions></line><line number="212" hits="6" branch="true" condition-coverage="50% (1/2)"><conditions><condition number="0" type="jump" coverage="50%"/></conditions></line><line number="213" hits="3" branch="true" condition-coverage="41% (10/24)"><conditions><condition number="0" type="jump" coverage="41%"/></conditions></line><line number="217" hits="6" branch="true" condition-coverage="50% (1/2)"><conditions><condition number="0" type="jump" coverage="50%"/></conditions></line><line number="218" hits="6" branch="true" condition-coverage="50% (1/2)"><conditions><condition number="0" type="jump" coverage="50%"/></conditions></line><line number="219" hits="3" branch="true" condition-coverage="41% (10/24)"><conditions><condition number="0" type="jump" coverage="41%"/></conditions></line><line number="221" hits="3" branch="false"/><line number="223" hits="6" branch="true" condition-coverage="50% (2/4)"><conditions><condition number="0" type="jump" coverage="50%"/></conditions></line><line number="226" hits="6" branch="true" condition-coverage="50% (1/2)"><conditions><condition number="0" type="jump" coverage="50%"/></conditions></line><line number="227" hits="6" branch="true" condition-coverage="50% (1/2)"><conditions><condition number="0" type="jump" coverage="50%"/></conditions></line><line number="228" hits="3" branch="true" condition-coverage="41% (10/24)"><conditions><condition number="0" type="jump" coverage="41%"/></conditions></line><line number="232" hits="6" branch="true" condition-coverage="50% (1/2)"><conditions><condition number="0" type="jump" coverage="50%"/></conditions></line><line number="233" hits="6" branch="true" condition-coverage="50% (1/2)"><conditions><condition number="0" type="jump" coverage="50%"/></conditions></line><line number="234" hits="3" branch="true" condition-coverage="41% (10/24)"><conditions><condition number="0" type="jump" coverage="41%"/></conditions></line><line number="236" hits="3" branch="false"/><line number="238" hits="6" branch="true" condition-coverage="50% (2/4)"><conditions><condition number="0" type="jump" coverage="50%"/></conditions></line><line number="241" hits="6" branch="true" condition-coverage="50% (1/2)"><conditions><condition number="0" type="jump" coverage="50%"/></conditions></line><line number="242" hits="6" branch="true" condition-coverage="50% (1/2)"><conditions><condition number="0" type="jump" coverage="50%"/></conditions></line><line number="243" hits="3" branch="true" condition-coverage="41% (10/24)"><conditions><condition number="0" type="jump" coverage="41%"/></conditions></line><line number="247" hits="6" branch="true" condition-coverage="50% (1/2)"><conditions><condition number="0" type="jump" coverage="50%"/></conditions></line><line number="248" hits="6" branch="true" condition-coverage="50% (1/2)"><conditions><condition number="0" type="jump" coverage="50%"/></conditions></line><line number="249" hits="3" branch="true" condition-coverage="41% (10/24)"><conditions><condition number="0" type="jump" coverage="41%"/></conditions></line><line number="253" hits="6" branch="true" condition-coverage="50% (1/2)"><conditions><condition number="0" type="jump" coverage="50%"/></conditions></line><line number="254" hits="6" branch="true" condition-coverage="50% (1/2)"><conditions><condition number="0" type="jump" coverage="50%"/></conditions></line><line number="255" hits="3" branch="true" condition-coverage="41% (10/24)"><conditions><condition number="0" type="jump" coverage="41%"/></conditions></line><line number="259" hits="6" branch="true" condition-coverage="50% (1/2)"><conditions><condition number="0" type="jump" coverage="50%"/></conditions></line><line number="260" hits="6" branch="true" condition-coverage="50% (1/2)"><conditions><condition number="0" type="jump" coverage="50%"/></conditions></line><line number="261" hits="3" branch="true" condition-coverage="41% (10/24)"><conditions><condition number="0" type="jump" coverage="41%"/></conditions></line><line number="263" hits="3" branch="false"/><line number="265" hits="6" branch="true" condition-coverage="50% (2/4)"><conditions><condition number="0" type="jump" coverage="50%"/></conditions></line><line number="268" hits="6" branch="true" condition-coverage="50% (1/2)"><conditions><condition number="0" type="jump" coverage="50%"/></conditions></line><line number="269" hits="6" branch="true" condition-coverage="50% (1/2)"><conditions><condition number="0" type="jump" coverage="50%"/></conditions></line><line number="270" hits="3" branch="true" condition-coverage="41% (10/24)"><conditions><condition number="0" type="jump" coverage="41%"/></conditions></line><line number="272" hits="3" branch="false"/><line number="274" hits="6" branch="true" condition-coverage="50% (2/4)"><conditions><condition number="0" type="jump" coverage="50%"/></conditions></line><line number="283" hits="6" branch="true" condition-coverage="50% (10/20)"><conditions><condition number="0" type="jump" coverage="50%"/></conditions></line><line number="284" hits="24" branch="true" condition-coverage="75% (3/4)"><conditions><condition number="0" type="jump" coverage="75%"/></conditions></line><line number="285" hits="42" branch="true" condition-coverage="50% (1/2)"><conditions><condition number="0" type="jump" coverage="50%"/></conditions></line><line number="286" hits="21" branch="true" condition-coverage="41% (10/24)"><conditions><condition number="0" type="jump" coverage="41%"/></conditions></line><line number="297" hits="6" branch="true" condition-coverage="50% (10/20)"><conditions><condition number="0" type="jump" coverage="50%"/></conditions></line><line number="298" hits="24" branch="true" condition-coverage="75% (3/4)"><conditions><condition number="0" type="jump" coverage="75%"/></conditions></line><line number="299" hits="42" branch="true" condition-coverage="50% (1/2)"><conditions><condition number="0" type="jump" coverage="50%"/></conditions></line><line number="300" hits="21" branch="true" condition-coverage="41% (10/24)"><conditions><condition number="0" type="jump" coverage="41%"/></conditions></line><line number="303" hits="3" branch="false"/><line number="305" hits="6" branch="true" condition-coverage="50% (2/4)"><conditions><condition number="0" type="jump" coverage="50%"/></conditions></line><line number="315" hits="6" branch="true" condition-coverage="50% (11/22)"><conditions><condition number="0" type="jump" coverage="50%"/></conditions></line><line number="317" hits="27" branch="true" condition-coverage="75% (3/4)"><conditions><condition number="0" type="jump" coverage="75%"/></conditions></line><line number="318" hits="48" branch="true" condition-coverage="50% (1/2)"><conditions><condition number="0" type="jump" coverage="50%"/></conditions></line><line number="319" hits="24" branch="true" condition-coverage="41% (10/24)"><conditions><condition number="0" type="jump" coverage="41%"/></conditions></line><line number="322" hits="3" branch="false"/><line number="324" hits="6" branch="true" condition-coverage="50% (2/4)"><conditions><condition number="0" type="jump" coverage="50%"/></conditions></line><line number="326" hits="3" branch="true" condition-coverage="42% (12/28)"><conditions><condition number="0" type="jump" coverage="42%"/></conditions></line><line number="327" hits="3" branch="true" condition-coverage="42% (12/28)"><conditions><condition number="0" type="jump" coverage="42%"/></conditions></line><line number="329" hits="3" branch="true" condition-coverage="42% (12/28)"><conditions><condition number="0" type="jump" coverage="42%"/></conditions></line><line number="330" hits="3" branch="true" condition-coverage="42% (12/28)"><conditions><condition number="0" type="jump" coverage="42%"/></conditions></line><line number="331" hits="3" branch="true" condition-coverage="42% (12/28)"><conditions><condition number="0" type="jump" coverage="42%"/></conditions></line><line number="332" hits="3" branch="true" condition-coverage="42% (12/28)"><conditions><condition number="0" type="jump" coverage="42%"/></conditions></line><line number="333" hits="3" branch="true" condition-coverage="42% (12/28)"><conditions><condition number="0" type="jump" coverage="42%"/></conditions></line><line number="335" hits="3" branch="true" condition-coverage="42% (12/28)"><conditions><condition number="0" type="jump" coverage="42%"/></conditions></line><line number="336" hits="3" branch="true" condition-coverage="42% (12/28)"><conditions><condition number="0" type="jump" coverage="42%"/></conditions></line><line number="337" hits="3" branch="true" condition-coverage="42% (12/28)"><conditions><condition number="0" type="jump" coverage="42%"/></conditions></line><line number="338" hits="3" branch="true" condition-coverage="42% (12/28)"><conditions><condition number="0" type="jump" coverage="42%"/></conditions></line><line number="339" hits="3" branch="true" condition-coverage="42% (12/28)"><conditions><condition number="0" type="jump" coverage="42%"/></conditions></line><line number="340" hits="3" branch="false"/><line number="342" hits="6" branch="true" condition-coverage="50% (2/4)"><conditions><condition number="0" type="jump" coverage="50%"/></conditions></line><line number="347" hits="6" branch="true" condition-coverage="50% (7/14)"><conditions><condition number="0" type="jump" coverage="50%"/></conditions></line><line number="348" hits="15" branch="true" condition-coverage="75% (3/4)"><conditions><condition number="0" type="jump" coverage="75%"/></conditions></line><line number="349" hits="24" branch="true" condition-coverage="50% (1/2)"><conditions><condition number="0" type="jump" coverage="50%"/></conditions></line><line number="351" hits="24" branch="true" condition-coverage="50% (1/2)"><conditions><condition number="0" type="jump" coverage="50%"/></conditions></line><line number="353" hits="12" branch="false"/><line number="355" hits="12" branch="true" condition-coverage="37% (12/32)"><conditions><condition number="0" type="jump" coverage="37%"/></conditions></line><line number="357" hits="3" branch="false"/><line number="359" hits="6" branch="true" condition-coverage="50% (2/4)"><conditions><condition number="0" type="jump" coverage="50%"/></conditions></line><line number="360" hits="3" branch="true" condition-coverage="42% (12/28)"><conditions><condition number="0" type="jump" coverage="42%"/></conditions></line><line number="361" hits="3" branch="true" condition-coverage="42% (12/28)"><conditions><condition number="0" type="jump" coverage="42%"/></conditions></line><line number="362" hits="3" branch="true" condition-coverage="42% (12/28)"><conditions><condition number="0" type="jump" coverage="42%"/></conditions></line><line number="364" hits="3" branch="true" condition-coverage="42% (12/28)"><conditions><condition number="0" type="jump" coverage="42%"/></conditions></line><line number="365" hits="3" branch="true" condition-coverage="42% (12/28)"><conditions><condition number="0" type="jump" coverage="42%"/></conditions></line><line number="366" hits="3" branch="true" condition-coverage="42% (12/28)"><conditions><condition number="0" type="jump" coverage="42%"/></conditions></line><line number="367" hits="3" branch="false"/><line number="369" hits="6" branch="true" condition-coverage="50% (2/4)"><conditions><condition number="0" type="jump" coverage="50%"/></conditions></line><line number="379" hits="6" branch="true" condition-coverage="50% (11/22)"><conditions><condition number="0" type="jump" coverage="50%"/></conditions></line><line number="380" hits="27" branch="true" condition-coverage="75% (3/4)"><conditions><condition number="0" type="jump" coverage="75%"/></conditions></line><line number="381" hits="48" branch="true" condition-coverage="50% (1/2)"><conditions><condition number="0" type="jump" coverage="50%"/></conditions></line><line number="383" hits="48" branch="true" condition-coverage="50% (1/2)"><conditions><condition number="0" type="jump" coverage="50%"/></conditions></line><line number="385" hits="24" branch="false"/><line number="387" hits="24" branch="true" condition-coverage="37% (12/32)"><conditions><condition number="0" type="jump" coverage="37%"/></conditions></line><line number="389" hits="3" branch="false"/><line number="391" hits="6" branch="true" condition-coverage="50% (2/4)"><conditions><condition number="0" type="jump" coverage="50%"/></conditions></line><line number="393" hits="6" branch="true" condition-coverage="50% (1/2)"><conditions><condition number="0" type="jump" coverage="50%"/></conditions></line><line number="395" hits="6" branch="true" condition-coverage="50% (1/2)"><conditions><condition number="0" type="jump" coverage="50%"/></conditions></line><line number="396" hits="3" branch="true" condition-coverage="41% (10/24)"><conditions><condition number="0" type="jump" coverage="41%"/></conditions></line><line number="398" hits="6" branch="true" condition-coverage="50% (1/2)"><conditions><condition number="0" type="jump" coverage="50%"/></conditions></line><line number="400" hits="3" branch="false"/><line number="401" hits="3" branch="true" condition-coverage="40% (9/22)"><conditions><condition number="0" type="jump" coverage="40%"/></conditions></line><line number="402" hits="3" branch="false"/><line number="404" hits="6" branch="true" condition-coverage="50% (2/4)"><conditions><condition number="0" type="jump" coverage="50%"/></conditions></line><line number="406" hits="6" branch="true" condition-coverage="50% (1/2)"><conditions><condition number="0" type="jump" coverage="50%"/></conditions></line><line number="408" hits="6" branch="true" condition-coverage="50% (1/2)"><conditions><condition number="0" type="jump" coverage="50%"/></conditions></line><line number="409" hits="3" branch="true" condition-coverage="41% (10/24)"><conditions><condition number="0" type="jump" coverage="41%"/></conditions></line><line number="411" hits="6" branch="true" condition-coverage="50% (1/2)"><conditions><condition number="0" type="jump" coverage="50%"/></conditions></line><line number="413" hits="3" branch="false"/><line number="414" hits="3" branch="true" condition-coverage="40% (9/22)"><conditions><condition number="0" type="jump" coverage="40%"/></conditions></line><line number="415" hits="3" branch="false"/><line number="417" hits="6" branch="true" condition-coverage="50% (2/4)"><conditions><condition number="0" type="jump" coverage="50%"/></conditions></line><line number="419" hits="3" branch="false"/><line number="420" hits="3" branch="false"/><line number="421" hits="6" branch="true" condition-coverage="50% (1/2)"><conditions><condition number="0" type="jump" coverage="50%"/></conditions></line><line number="423" hits="15" branch="true" condition-coverage="100% (2/2)"><conditions><condition number="0" type="jump" coverage="100%"/></conditions></line><line number="425" hits="24" branch="true" condition-coverage="50% (3/6)"><conditions><condition number="0" type="jump" coverage="50%"/></conditions></line><line number="426" hits="24" branch="true" condition-coverage="50% (1/2)"><conditions><condition number="0" type="jump" coverage="50%"/></conditions></line><line number="427" hits="24" branch="true" condition-coverage="50% (1/2)"><conditions><condition number="0" type="jump" coverage="50%"/></conditions></line><line number="428" hits="24" branch="true" condition-coverage="50% (1/2)"><conditions><condition number="0" type="jump" coverage="50%"/></conditions></line><line number="430" hits="12" branch="true" condition-coverage="40% (9/22)"><conditions><condition number="0" type="jump" coverage="40%"/></conditions></line><line number="432" hits="12" branch="true" condition-coverage="50% (2/4)"><conditions><condition number="0" type="jump" coverage="50%"/></conditions></line></lines></class><class name="test_tokenize_cpp" filename="test_tokenize.cpp" line-rate="1.0" branch-rate="0.41640866873065013" complexity="0.0"><methods/><lines><line number="12" hits="26" branch="true" condition-coverage="50% (2/4)"><conditions><condition number="0" type="jump" coverage="50%"/></conditions></line><line number="14" hits="26" branch="true" condition-coverage="50% (1/2)"><conditions><condition number="0" type="jump" coverage="50%"/></conditions></line><line number="16" hits="26" branch="true" condition-coverage="50% (1/2)"><conditions><condition number="0" type="jump" coverage="50%"/></conditions></line><line number="18" hits="26" branch="true" condition-coverage="50% (1/2)"><conditions><condition number="0" type="jump" coverage="50%"/></conditions></line><line number="20" hits="13" branch="true" condition-coverage="40% (9/22)"><conditions><condition number="0" type="jump" coverage="40%"/></conditions></line><line number="21" hits="13" branch="true" condition-coverage="40% (9/22)"><conditions><condition number="0" type="jump" coverage="40%"/></conditions></line><line number="22" hits="13" branch="true" condition-coverage="40% (9/22)"><conditions><condition number="0" type="jump" coverage="40%"/></conditions></line><line number="23" hits="13" branch="true" condition-coverage="40% (9/22)"><conditions><condition number="0" type="jump" coverage="40%"/></conditions></line><line number="24" hits="13" branch="true" condition-coverage="40% (9/22)"><conditions><condition number="0" type="jump" coverage="40%"/></conditions></line><line number="25" hits="13" branch="true" condition-coverage="40% (9/22)"><conditions><condition number="0" type="jump" coverage="40%"/></conditions></line><line number="26" hits="13" branch="true" condition-coverage="40% 
[...]
nditions><condition number="0" type="jump" coverage="50%"/></conditions></line><line number="109" hits="2" branch="true" condition-coverage="50% (1/2)"><conditions><condition number="0" type="jump" coverage="50%"/></conditions></line><line number="111" hits="2" branch="true" condition-coverage="50% (1/2)"><conditions><condition number="0" type="jump" coverage="50%"/></conditions></line><line number="113" hits="2" branch="true" condition-coverage="50% (1/2)"><conditions><condition number="0" type="jump" coverage="50%"/></conditions></line><line number="115" hits="1" branch="true" condition-coverage="40% (8/20)"><conditions><condition number="0" type="jump" coverage="40%"/></conditions></line><line number="116" hits="1" branch="true" condition-coverage="40% (8/20)"><conditions><condition number="0" type="jump" coverage="40%"/></conditions></line><line number="117" hits="1" branch="true" condition-coverage="40% (8/20)"><conditions><condition number="0" type="jump" coverage="40%"/></conditions></line><line number="118" hits="1" branch="true" condition-coverage="40% (8/20)"><conditions><condition number="0" type="jump" coverage="40%"/></conditions></line><line number="119" hits="1" branch="true" condition-coverage="40% (8/20)"><conditions><condition number="0" type="jump" coverage="40%"/></conditions></line><line number="120" hits="1" branch="true" condition-coverage="40% (8/20)"><conditions><condition number="0" type="jump" coverage="40%"/></conditions></line><line number="121" hits="1" branch="true" condition-coverage="40% (8/20)"><conditions><condition number="0" type="jump" coverage="40%"/></conditions></line><line number="122" hits="1" branch="true" condition-coverage="40% (8/20)"><conditions><condition number="0" type="jump" coverage="40%"/></conditions></line><line number="123" hits="1" branch="true" condition-coverage="40% (8/20)"><conditions><condition number="0" type="jump" coverage="40%"/></conditions></line><line number="124" hits="1" branch="true" condition-coverage="40% (8/20)"><conditions><condition number="0" type="jump" coverage="40%"/></conditions></line><line number="125" hits="1" branch="true" condition-coverage="40% (8/20)"><conditions><condition number="0" type="jump" coverage="40%"/></conditions></line><line number="126" hits="1" branch="false"/><line number="131" hits="2" branch="true" condition-coverage="50% (2/4)"><conditions><condition number="0" type="jump" coverage="50%"/></conditions></line><line number="132" hits="2" branch="true" condition-coverage="50% (1/2)"><conditions><condition number="0" type="jump" coverage="50%"/></conditions></line><line number="134" hits="2" branch="true" condition-coverage="50% (1/2)"><conditions><condition number="0" type="jump" coverage="50%"/></conditions></line><line number="136" hits="2" branch="true" condition-coverage="50% (1/2)"><conditions><condition number="0" type="jump" coverage="50%"/></conditions></line><line number="139" hits="1" branch="true" condition-coverage="40% (8/20)"><conditions><condition number="0" type="jump" coverage="40%"/></conditions></line><line number="140" hits="1" branch="true" condition-coverage="40% (8/20)"><conditions><condition number="0" type="jump" coverage="40%"/></conditions></line><line number="141" hits="1" branch="true" condition-coverage="40% (8/20)"><conditions><condition number="0" type="jump" coverage="40%"/></conditions></line><line number="142" hits="1" branch="true" condition-coverage="40% (8/20)"><conditions><condition number="0" type="jump" coverage="40%"/></conditions></line><line number="143" hits="1" branch="true" condition-coverage="40% (8/20)"><conditions><condition number="0" type="jump" coverage="40%"/></conditions></line><line number="144" hits="1" branch="true" condition-coverage="40% (8/20)"><conditions><condition number="0" type="jump" coverage="40%"/></conditions></line><line number="145" hits="1" branch="true" condition-coverage="40% (8/20)"><conditions><condition number="0" type="jump" coverage="40%"/></conditions></line><line number="146" hits="1" branch="true" condition-coverage="40% (8/20)"><conditions><condition number="0" type="jump" coverage="40%"/></conditions></line><line number="147" hits="1" branch="true" condition-coverage="40% (8/20)"><conditions><condition number="0" type="jump" coverage="40%"/></conditions></line><line number="148" hits="1" branch="true" condition-coverage="40% (8/20)"><conditions><condition number="0" type="jump" coverage="40%"/></conditions></line><line number="149" hits="1" branch="true" condition-coverage="40% (8/20)"><conditions><condition number="0" type="jump" coverage="40%"/></conditions></line><line number="150" hits="1" branch="false"/><line number="156" hits="2" branch="true" condition-coverage="50% (2/4)"><conditions><condition number="0" type="jump" coverage="50%"/></conditions></line><line number="157" hits="2" branch="false"/><line number="158" hits="2" branch="false"/><line number="159" hits="1" branch="false"/><line number="160" hits="1" branch="false"/><line number="161" hits="1" branch="true" condition-coverage="50% (2/4)"><conditions><condition number="0" type="jump" coverage="50%"/></conditions></line><line number="163" hits="1" branch="true" condition-coverage="40% (8/20)"><conditions><condition number="0" type="jump" coverage="40%"/></conditions></line><line number="165" hits="1" branch="false"/><line number="166" hits="1" branch="false"/><line number="167" hits="1" branch="true" condition-coverage="50% (2/4)"><conditions><condition number="0" type="jump" coverage="50%"/></conditions></line><line number="169" hits="1" branch="true" condition-coverage="40% (8/20)"><conditions><condition number="0" type="jump" coverage="40%"/></conditions></line><line number="171" hits="1" branch="true" condition-coverage="50% (1/2)"><conditions><condition number="0" type="jump" coverage="50%"/></conditions></line><line number="172" hits="1" branch="false"/><line number="173" hits="1" branch="true" condition-coverage="50% (2/4)"><conditions><condition number="0" type="jump" coverage="50%"/></conditions></line><line number="175" hits="1" branch="true" condition-coverage="40% (8/20)"><conditions><condition number="0" type="jump" coverage="40%"/></conditions></line><line number="177" hits="1" branch="false"/><line number="178" hits="1" branch="true" condition-coverage="42% (12/28)"><conditions><condition number="0" type="jump" coverage="42%"/></conditions></line><line number="180" hits="1" branch="false"/><line number="184" hits="2" branch="true" condition-coverage="50% (2/4)"><conditions><condition number="0" type="jump" coverage="50%"/></conditions></line><line number="186" hits="2" branch="true" condition-coverage="50% (2/4)"><conditions><condition number="0" type="jump" coverage="50%"/></conditions></line><line number="187" hits="1" branch="true" condition-coverage="38% (7/18)"><conditions><condition number="0" type="jump" coverage="38%"/></conditions></line><line number="188" hits="1" branch="false"/><line number="190" hits="2" branch="true" condition-coverage="50% (2/4)"><conditions><condition number="0" type="jump" coverage="50%"/></conditions></line><line number="193" hits="1" branch="true" condition-coverage="40% (9/22)"><conditions><condition number="0" type="jump" coverage="40%"/></conditions></line><line number="194" hits="1" branch="true" condition-coverage="40% (9/22)"><conditions><condition number="0" type="jump" coverage="40%"/></conditions></line><line number="195" hits="1" branch="true" condition-coverage="40% (9/22)"><conditions><condition number="0" type="jump" coverage="40%"/></conditions></line><line number="196" hits="1" branch="true" condition-coverage="40% (9/22)"><conditions><condition number="0" type="jump" coverage="40%"/></conditions></line><line number="201" hits="1" branch="false"/><line number="203" hits="2" branch="true" condition-coverage="50% (2/4)"><conditions><condition number="0" type="jump" coverage="50%"/></conditions></line><line number="204" hits="2" branch="true" condition-coverage="50% (1/2)"><conditions><condition number="0" type="jump" coverage="50%"/></conditions></line><line number="207" hits="1" branch="true" condition-coverage="40% (9/22)"><conditions><condition number="0" type="jump" coverage="40%"/></conditions></line><line number="208" hits="1" branch="true" condition-coverage="40% (9/22)"><conditions><condition number="0" type="jump" coverage="40%"/></conditions></line><line number="209" hits="1" branch="true" condition-coverage="40% (9/22)"><conditions><condition number="0" type="jump" coverage="40%"/></conditions></line><line number="212" hits="1" branch="true" condition-coverage="40% (9/22)"><conditions><condition number="0" type="jump" coverage="40%"/></conditions></line><line number="215" hits="1" branch="true" condition-coverage="40% (9/22)"><conditions><condition number="0" type="jump" coverage="40%"/></conditions></line><line number="218" hits="1" branch="true" condition-coverage="50% (2/4)"><conditions><condition number="0" type="jump" coverage="50%"/></conditions></line><line number="219" hits="1" branch="false"/><line number="221" hits="2" branch="true" condition-coverage="50% (2/4)"><conditions><condition number="0" type="jump" coverage="50%"/></conditions></line><line number="222" hits="2" branch="true" condition-coverage="50% (1/2)"><conditions><condition number="0" type="jump" coverage="50%"/></conditions></line><line number="223" hits="2" branch="true" condition-coverage="50% (2/4)"><conditions><condition number="0" type="jump" coverage="50%"/></conditions></line><line number="224" hits="1" branch="true" condition-coverage="38% (7/18)"><conditions><condition number="0" type="jump" coverage="38%"/></conditions></line><line number="225" hits="1" branch="false"/><line number="228" hits="2" branch="true" condition-coverage="50% (2/4)"><conditions><condition number="0" type="jump" coverage="50%"/></conditions></line><line number="229" hits="2" branch="true" condition-coverage="50% (1/2)"><conditions><condition number="0" type="jump" coverage="50%"/></conditions></line><line number="230" hits="2" branch="true" condition-coverage="50% (2/4)"><conditions><condition number="0" type="jump" coverage="50%"/></conditions></line><line number="232" hits="2" branch="true" condition-coverage="50% (1/2)"><conditions><condition number="0" type="jump" coverage="50%"/></conditions></line><line number="233" hits="1" branch="true" condition-coverage="40% (8/20)"><conditions><condition number="0" type="jump" coverage="40%"/></conditions></line><line number="236" hits="1" branch="false"/><line number="237" hits="1" branch="true" condition-coverage="50% (1/2)"><conditions><condition number="0" type="jump" coverage="50%"/></conditions></line><line number="238" hits="1" branch="true" condition-coverage="40% (8/20)"><conditions><condition number="0" type="jump" coverage="40%"/></conditions></line><line number="239" hits="1" branch="true" condition-coverage="40% (8/20)"><conditions><condition number="0" type="jump" coverage="40%"/></conditions></line><line number="240" hits="1" branch="true" condition-coverage="40% (8/20)"><conditions><condition number="0" type="jump" coverage="40%"/></conditions></line><line number="243" hits="2" branch="false"/><line number="244" hits="1" branch="false"/><line number="245" hits="1" branch="false"/><line number="247" hits="1" branch="true" condition-coverage="50% (2/4)"><conditions><condition number="0" type="jump" coverage="50%"/></conditions></line><line number="248" hits="1" branch="true" condition-coverage="50% (1/2)"><conditions><condition number="0" type="jump" coverage="50%"/></conditions></line><line number="249" hits="1" branch="true" condition-coverage="40% (8/20)"><conditions><condition number="0" type="jump" coverage="40%"/></conditions></line><line number="250" hits="1" branch="true" condition-coverage="40% (8/20)"><conditions><condition number="0" type="jump" coverage="40%"/></conditions></line><line number="251" hits="1" branch="true" condition-coverage="38% (7/18)"><conditions><condition number="0" type="jump" coverage="38%"/></conditions></line><line number="254" hits="1" branch="true" condition-coverage="50% (1/2)"><conditions><condition number="0" type="jump" coverage="50%"/></conditions></line><line number="255" hits="1" branch="true" condition-coverage="50% (1/2)"><conditions><condition number="0" type="jump" coverage="50%"/></conditions></line><line number="256" hits="1" branch="true" condition-coverage="40% (8/20)"><conditions><condition number="0" type="jump" coverage="40%"/></conditions></line><line number="257" hits="1" branch="true" condition-coverage="38% (7/18)"><conditions><condition number="0" type="jump" coverage="38%"/></conditions></line><line number="261" hits="2" branch="true" condition-coverage="50% (2/4)"><conditions><condition number="0" type="jump" coverage="50%"/></conditions></line><line number="262" hits="2" branch="true" condition-coverage="50% (2/4)"><conditions><condition number="0" type="jump" coverage="50%"/></conditions></line><line number="264" hits="1" branch="true" condition-coverage="38% (7/18)"><conditions><condition number="0" type="jump" coverage="38%"/></conditions></line><line number="265" hits="1" branch="true" condition-coverage="40% (9/22)"><conditions><condition number="0" type="jump" coverage="40%"/></conditions></line><line number="266" hits="1" branch="true" condition-coverage="40% (9/22)"><conditions><condition number="0" type="jump" coverage="40%"/></conditions></line><line number="267" hits="1" branch="true" condition-coverage="40% (9/22)"><conditions><condition number="0" type="jump" coverage="40%"/></conditions></line><line number="269" hits="2" branch="true" condition-coverage="50% (1/2)"><conditions><condition number="0" type="jump" coverage="50%"/></conditions></line><line number="270" hits="1" branch="true" condition-coverage="38% (7/18)"><conditions><condition number="0" type="jump" coverage="38%"/></conditions></line><line number="271" hits="1" branch="true" condition-coverage="40% (9/22)"><conditions><condition number="0" type="jump" coverage="40%"/></conditions></line><line number="272" hits="1" branch="true" condition-coverage="40% (9/22)"><conditions><condition number="0" type="jump" coverage="40%"/></conditions></line><line number="274" hits="1" branch="true" condition-coverage="50% (2/4)"><conditions><condition number="0" type="jump" coverage="50%"/></conditions></line><line number="276" hits="1" branch="true" condition-coverage="40% (9/22)"><conditions><condition number="0" type="jump" coverage="40%"/></conditions></line><line number="277" hits="1" branch="true" condition-coverage="40% (9/22)"><conditions><condition number="0" type="jump" coverage="40%"/></conditions></line><line number="278" hits="1" branch="true" condition-coverage="40% (9/22)"><conditions><condition number="0" type="jump" coverage="40%"/></conditions></line><line number="280" hits="1" branch="true" condition-coverage="50% (1/2)"><conditions><condition number="0" type="jump" coverage="50%"/></conditions></line><line number="281" hits="1" branch="true" condition-coverage="40% (8/20)"><conditions><condition number="0" type="jump" coverage="40%"/></conditions></line><line number="282" hits="1" branch="true" condition-coverage="40% (8/20)"><conditions><condition number="0" type="jump" coverage="40%"/></conditions></line><line number="283" hits="1" branch="false"/><line number="285" hits="2" branch="true" condition-coverage="50% (2/4)"><conditions><condition number="0" type="jump" coverage="50%"/></conditions></line><line number="287" hits="2" branch="true" condition-coverage="50% (1/2)"><conditions><condition number="0" type="jump" coverage="50%"/></conditions></line><line number="288" hits="2" branch="true" condition-coverage="50% (1/2)"><conditions><condition number="0" type="jump" coverage="50%"/></conditions></line><line number="289" hits="2" branch="false"/><line number="290" hits="2" branch="true" condition-coverage="50% (2/4)"><conditions><condition number="0" type="jump" coverage="50%"/></conditions></line><line number="291" hits="2" branch="true" condition-coverage="50% (2/4)"><conditions><condition number="0" type="jump" coverage="50%"/></conditions></line><line number="292" hits="2" branch="true" condition-coverage="50% (2/4)"><conditions><condition number="0" type="jump" coverage="50%"/></conditions></line><line number="295" hits="1" branch="false"/><line number="296" hits="1" branch="false"/><line number="297" hits="1" branch="true" condition-coverage="50% (1/2)"><conditions><condition number="0" type="jump" coverage="50%"/></conditions></line><line number="299" hits="1" branch="true" condition-coverage="40% (8/20)"><conditions><condition number="0" type="jump" coverage="40%"/></conditions></line><line number="300" hits="1" branch="true" condition-coverage="40% (8/20)"><conditions><condition number="0" type="jump" coverage="40%"/></conditions></line><line number="301" hits="1" branch="true" condition-coverage="40% (8/20)"><conditions><condition number="0" type="jump" coverage="40%"/></conditions></line><line number="303" hits="1" branch="true" condition-coverage="50% (2/4)"><conditions><condition number="0" type="jump" coverage="50%"/></conditions></line><line number="304" hits="1" branch="true" condition-coverage="50% (1/2)"><conditions><condition number="0" type="jump" coverage="50%"/></conditions></line><line number="306" hits="1" branch="true" condition-coverage="40% (8/20)"><conditions><condition number="0" type="jump" coverage="40%"/></conditions></line><line number="307" hits="1" branch="true" condition-coverage="40% (8/20)"><conditions><condition number="0" type="jump" coverage="40%"/></conditions></line><line number="308" hits="1" branch="true" condition-coverage="40% (8/20)"><conditions><condition number="0" type="jump" coverage="40%"/></conditions></line><line number="312" hits="1" branch="false"/><line number="313" hits="1" branch="false"/><line number="314" hits="1" branch="true" condition-coverage="50% (1/2)"><conditions><condition number="0" type="jump" coverage="50%"/></conditions></line><line number="316" hits="1" branch="true" condition-coverage="40% (8/20)"><conditions><condition number="0" type="jump" coverage="40%"/></conditions></line><line number="317" hits="1" branch="true" condition-coverage="40% (8/20)"><conditions><condition number="0" type="jump" coverage="40%"/></conditions></line><line number="318" hits="1" branch="true" condition-coverage="40% (8/20)"><conditions><condition number="0" type="jump" coverage="40%"/></conditions></line><line number="320" hits="1" branch="true" condition-coverage="50% (2/4)"><conditions><condition number="0" type="jump" coverage="50%"/></conditions></line><line number="321" hits="1" branch="true" condition-coverage="50% (1/2)"><conditions><condition number="0" type="jump" coverage="50%"/></conditions></line><line number="323" hits="1" branch="true" condition-coverage="40% (8/20)"><conditions><condition number="0" type="jump" coverage="40%"/></conditions></line><line number="324" hits="1" branch="true" condition-coverage="40% (8/20)"><conditions><condition number="0" type="jump" coverage="40%"/></conditions></line><line number="325" hits="1" branch="true" condition-coverage="40% (8/20)"><conditions><condition number="0" type="jump" coverage="40%"/></conditions></line><line number="328" hits="4" branch="true" condition-coverage="50% (2/4)"><conditions><condition number="0" type="jump" coverage="50%"/></conditions></line></lines></class></classes></package><package name="build" line-rate="1.0" branch-rate="0.5" complexity="0.0"><classes><class name="test_config_hpp" filename="build/test_config.hpp" line-rate="1.0" branch-rate="0.5" complexity="0.0"><methods/><lines><line number="6" hits="3" branch="true" condition-coverage="50% (1/2)"><conditions><condition number="0" type="jump" coverage="50%"/></conditions></line></lines></class></classes></package></packages></coverage>